#
# A fatal error has been detected by the Java Runtime Environment:
#
#  EXCEPTION_ACCESS_VIOLATION (0xc0000005) at pc=0x00007ffc9fab6e78, pid=8032, tid=0x0000000000001394
#
# JRE version: Java(TM) SE Runtime Environment (8.0_102-b14) (build 1.8.0_102-b14)
# Java VM: Java HotSpot(TM) 64-Bit Server VM (25.102-b14 mixed mode windows-amd64 compressed oops)
# Problematic frame:
# C  0x00007ffc9fab6e78
#
# Failed to write core dump. Minidumps are not enabled by default on client versions of Windows
#
# If you would like to submit a bug report, please visit:
#   http://bugreport.java.com/bugreport/crash.jsp
# The crash happened outside the Java Virtual Machine in native code.
# See problematic frame for where to report the bug.
#

---------------  T H R E A D  ---------------

Current thread (0x0000000002c60800):  JavaThread "main" [_thread_in_native, id=5012, stack(0x0000000002b60000,0x0000000002c60000)]

siginfo: ExceptionCode=0xc0000005, ExceptionInformation=0x0000000000000008 0x00007ffc9fab6e78

Registers:
RAX=0x0000000000000000, RBX=0x0000000000000000, RCX=0x0000000067010c99, RDX=0x0000000000000003
RSP=0x0000000002c5eda8, RBP=0x0000000002c5ee40, RSI=0x00000000d5ede508, RDI=0x0000000067010c99
R8 =0x0000000002c5c168, R9 =0x0000000002c5c2e0, R10=0x0000000000000000, R11=0x0000000002c5e840
R12=0x0000000000000000, R13=0x0000000000000008, R14=0x0000000002c5ee30, R15=0x0000000002c60800
RIP=0x00007ffc9fab6e78, EFLAGS=0x0000000000010206

Top of Stack: (sp=0x0000000002c5eda8)
0x0000000002c5eda8:   00007ffd52d7494e 00000000d5ede458
0x0000000002c5edb8:   0000000000000000 0000000002c5f180
0x0000000002c5edc8:   0000000002fdf314 0000000000000001
0x0000000002c5edd8:   0000000002fc4054 00000000d5ede458
0x0000000002c5ede8:   00007ffd3bb50000 0000000002c5f180
0x0000000002c5edf8:   00000000d5ede458 00000000d5ede508
0x0000000002c5ee08:   00000000d62bbd20 00000000d617a530
0x0000000002c5ee18:   00000000d6292838 0000000000000001
0x0000000002c5ee28:   00000000d5ede458 00000000d5f5bab0
0x0000000002c5ee38:   0000000002c5ee88 0000000002c5f180
0x0000000002c5ee48:   0000000002fa3b9c 00000000d625c788
0x0000000002c5ee58:   00000000d6167a98 00000000d625f378
0x0000000002c5ee68:   4440000044800000 0000000002c5ef60
0x0000000002c5ee78:   00007ffd523ffe5a 00000000d5ede458
0x0000000002c5ee88:   00000000d5f5bb50 00000000d5dee348
0x0000000002c5ee98:   0000000017479ce0 000000179d3b2501 

Instructions: (pc=0x00007ffc9fab6e78)
0x00007ffc9fab6e58:   
[error occurred during error reporting (printing registers, top of stack, instructions near pc), id 0xc0000005]

Register to memory mapping:

RAX=0x0000000000000000 is an unknown value
RBX=0x0000000000000000 is an unknown value
RCX=0x0000000067010c99 is an unknown value
RDX=0x0000000000000003 is an unknown value
RSP=0x0000000002c5eda8 is pointing into the stack for thread: 0x0000000002c60800
RBP=0x0000000002c5ee40 is pointing into the stack for thread: 0x0000000002c60800
RSI=0x00000000d5ede508 is an oop
java.nio.DirectByteBuffer 
 - klass: 'java/nio/DirectByteBuffer'
RDI=0x0000000067010c99 is an unknown value
R8 =0x0000000002c5c168 is pointing into the stack for thread: 0x0000000002c60800
R9 =0x0000000002c5c2e0 is pointing into the stack for thread: 0x0000000002c60800
R10=0x0000000000000000 is an unknown value
R11=0x0000000002c5e840 is pointing into the stack for thread: 0x0000000002c60800
R12=0x0000000000000000 is an unknown value
R13=0x0000000000000008 is an unknown value
R14=0x0000000002c5ee30 is pointing into the stack for thread: 0x0000000002c60800
R15=0x0000000002c60800 is a thread


Stack: [0x0000000002b60000,0x0000000002c60000],  sp=0x0000000002c5eda8,  free space=1019k
Native frames: (J=compiled Java code, j=interpreted, Vv=VM code, C=native code)
C  0x00007ffc9fab6e78

Java frames: (J=compiled Java code, j=interpreted, Vv=VM code)
J 491  org.lwjgl.opengl.WindowsContextImplementation.nSwapBuffers(Ljava/nio/ByteBuffer;)V (0 bytes) @ 0x0000000002fc3fd2 [0x0000000002fc3f80+0x52]
J 470 C1 org.lwjgl.opengl.WindowsContextImplementation.swapBuffers()V (67 bytes) @ 0x0000000002fa3b9c [0x0000000002fa3780+0x41c]
J 468 C1 org.lwjgl.opengl.DrawableGL.swapBuffers()V (4 bytes) @ 0x0000000002fa301c [0x0000000002fa2f40+0xdc]
J 467 C1 org.lwjgl.opengl.Display.swapBuffers()V (55 bytes) @ 0x0000000002fa27ec [0x0000000002fa2480+0x36c]
J 466 C1 org.lwjgl.opengl.Display.update(Z)V (154 bytes) @ 0x0000000002fa0d5c [0x0000000002fa08e0+0x47c]
J 504 C1 org.newdawn.slick.AppGameContainer.gameLoop()V (81 bytes) @ 0x0000000002fcf2a4 [0x0000000002fcec40+0x664]
j  org.newdawn.slick.AppGameContainer.start()V+17
j  javagame.Game.main([Ljava/lang/String;)V+29
v  ~StubRoutines::call_stub

---------------  P R O C E S S  ---------------

Java Threads: ( => current thread )
  0x0000000019240800 JavaThread "Service Thread" daemon [_thread_blocked, id=960, stack(0x0000000019620000,0x0000000019720000)]
  0x00000000178e3000 JavaThread "C1 CompilerThread2" daemon [_thread_blocked, id=4676, stack(0x0000000019120000,0x0000000019220000)]
  0x00000000178d8800 JavaThread "C2 CompilerThread1" daemon [_thread_blocked, id=3288, stack(0x0000000019020000,0x0000000019120000)]
  0x00000000178ce800 JavaThread "C2 CompilerThread0" daemon [_thread_blocked, id=6200, stack(0x0000000018f20000,0x0000000019020000)]
  0x00000000178cd800 JavaThread "Attach Listener" daemon [_thread_blocked, id=3788, stack(0x0000000018e20000,0x0000000018f20000)]
  0x00000000178cc000 JavaThread "Signal Dispatcher" daemon [_thread_blocked, id=228, stack(0x0000000018d20000,0x0000000018e20000)]
  0x0000000002d5b000 JavaThread "Finalizer" daemon [_thread_blocked, id=3660, stack(0x0000000018b30000,0x0000000018c30000)]
  0x0000000002d50000 JavaThread "Reference Handler" daemon [_thread_blocked, id=2136, stack(0x0000000018a30000,0x0000000018b30000)]
=>0x0000000002c60800 JavaThread "main" [_thread_in_native, id=5012, stack(0x0000000002b60000,0x0000000002c60000)]

Other Threads:
  0x0000000017897000 VMThread [stack: 0x0000000018930000,0x0000000018a30000] [id=3496]
  0x000000001792e800 WatcherThread [stack: 0x0000000019720000,0x0000000019820000] [id=8164]

VM state:not at safepoint (normal execution)

VM Mutex/Monitor currently owned by a thread: None

Heap:
 PSYoungGen      total 38400K, used 7386K [0x00000000d5c00000, 0x00000000d8680000, 0x0000000100000000)
  eden space 33280K, 22% used [0x00000000d5c00000,0x00000000d6336810,0x00000000d7c80000)
  from space 5120K, 0% used [0x00000000d8180000,0x00000000d8180000,0x00000000d8680000)
  to   space 5120K, 0% used [0x00000000d7c80000,0x00000000d7c80000,0x00000000d8180000)
 ParOldGen       total 87552K, used 0K [0x0000000081400000, 0x0000000086980000, 0x00000000d5c00000)
  object space 87552K, 0% used [0x0000000081400000,0x0000000081400000,0x0000000086980000)
 Metaspace       used 5434K, capacity 6107K, committed 6272K, reserved 1056768K
  class space    used 523K, capacity 560K, committed 640K, reserved 1048576K

Card table byte_map: [0x0000000012120000,0x0000000012520000] byte_map_base: 0x0000000011d16000

Marking Bits: (ParMarkBitMap*) 0x0000000050dda6c0
 Begin Bits: [0x0000000012bd0000, 0x0000000014b80000)
 End Bits:   [0x0000000014b80000, 0x0000000016b30000)

Polling page: 0x0000000001090000

CodeCache: size=245760Kb used=2632Kb max_used=2632Kb free=243127Kb
 bounds [0x0000000002d60000, 0x0000000003000000, 0x0000000011d60000]
 total_blobs=946 nmethods=557 adapters=302
 compilation: enabled

Compilation events (10 events):
Event: 5.454 Thread 0x00000000178e3000  553       3       org.lwjgl.opengl.WindowsDisplay$Rect::copyFromBuffer (37 bytes)
Event: 5.455 Thread 0x00000000178e3000 nmethod 553 0x0000000002ff1090 code [0x0000000002ff1220, 0x0000000002ff16b8]
Event: 5.455 Thread 0x00000000178e3000  555   !   3       org.lwjgl.opengl.WindowsDisplay::updateClipping (97 bytes)
Event: 5.456 Thread 0x00000000178e3000 nmethod 555 0x0000000002ff1d90 code [0x0000000002ff2000, 0x0000000002ff3118]
Event: 5.456 Thread 0x00000000178e3000  554       3       org.lwjgl.opengl.WindowsMouse::handleMouseMoved (109 bytes)
Event: 5.457 Thread 0x00000000178e3000 nmethod 554 0x0000000002ff09d0 code [0x0000000002ff0b60, 0x0000000002ff0f48]
Event: 5.458 Thread 0x00000000178e3000  556       1       org.newdawn.slick.state.StateBasedGame::inputStarted (1 bytes)
Event: 5.459 Thread 0x00000000178e3000 nmethod 556 0x0000000002ff0710 code [0x0000000002ff0860, 0x0000000002ff0970]
Event: 5.459 Thread 0x00000000178e3000  557       1       org.newdawn.slick.state.StateBasedGame::inputEnded (1 bytes)
Event: 5.459 Thread 0x00000000178e3000 nmethod 557 0x0000000002ff36d0 code [0x0000000002ff3820, 0x0000000002ff3930]

GC Heap History (0 events):
No events

Deoptimization events (0 events):
No events

Internal exceptions (7 events):
Event: 0.048 Thread 0x0000000002c60800 Exception <a 'java/lang/NoSuchMethodError': Method sun.misc.Unsafe.defineClass(Ljava/lang/String;[BII)Ljava/lang/Class; name or signature does not match> (0x00000000d5c07c78) thrown at [C:\re\workspace\8-2-build-windows-amd64-cygwin\jdk8u102\7268\hotspot\sª‰nuÏš¨?
Event: 0.048 Thread 0x0000000002c60800 Exception <a 'java/lang/NoSuchMethodError': Method sun.misc.Unsafe.prefetchRead(Ljava/lang/Object;J)V name or signature does not match> (0x00000000d5c07f60) thrown at [C:\re\workspace\8-2-build-windows-amd64-cygwin\jdk8u102\7268\hotspot\src\share\vm\prims\JåÅV«æÍ?
Event: 0.234 Thread 0x0000000002c60800 Exception <a 'java/security/PrivilegedActionException'> (0x00000000d5e5f990) thrown at [C:\re\workspace\8-2-build-windows-amd64-cygwin\jdk8u102\7268\hotspot\src\share\vm\prims\jvm.cpp, line 1386]
Event: 0.234 Thread 0x0000000002c60800 Exception <a 'java/security/PrivilegedActionException'> (0x00000000d5e5fba0) thrown at [C:\re\workspace\8-2-build-windows-amd64-cygwin\jdk8u102\7268\hotspot\src\share\vm\prims\jvm.cpp, line 1386]
Event: 0.234 Thread 0x0000000002c60800 Exception <a 'java/security/PrivilegedActionException'> (0x00000000d5e637e8) thrown at [C:\re\workspace\8-2-build-windows-amd64-cygwin\jdk8u102\7268\hotspot\src\share\vm\prims\jvm.cpp, line 1386]
Event: 0.234 Thread 0x0000000002c60800 Exception <a 'java/security/PrivilegedActionException'> (0x00000000d5e639f8) thrown at [C:\re\workspace\8-2-build-windows-amd64-cygwin\jdk8u102\7268\hotspot\src\share\vm\prims\jvm.cpp, line 1386]
Event: 1.206 Thread 0x0000000002c60800 Exception <a 'java/lang/NoClassDefFoundError': net/java/games/input/ControllerEnvironment> (0x00000000d623c3b0) thrown at [C:\re\workspace\8-2-build-windows-amd64-cygwin\jdk8u102\7268\hotspot\src\share\vm\classfile\systemDictionary.cpp, line 199]

Events (10 events):
Event: 1.283 loading class java/util/HashMap$KeySet
Event: 1.283 loading class java/util/HashMap$KeySet done
Event: 1.283 loading class java/util/HashMap$KeyIterator
Event: 1.283 loading class java/util/HashMap$KeyIterator done
Event: 1.284 loading class org/newdawn/slick/Music
Event: 1.284 loading class org/newdawn/slick/Music done
Event: 1.285 loading class org/newdawn/slick/AngelCodeFont$DisplayList
Event: 1.285 loading class org/newdawn/slick/AngelCodeFont$DisplayList done
Event: 4.153 Executing VM operation: EnableBiasedLocking
Event: 4.153 Executing VM operation: EnableBiasedLocking done


Dynamic libraries:
0x00007ff6e1570000 - 0x00007ff6e15a7000 	C:\Program Files\Java\jre1.8.0_102\bin\javaw.exe
0x00007ffd55d40000 - 0x00007ffd55f11000 	C:\WINDOWS\SYSTEM32\ntdll.dll
0x00007ffd53480000 - 0x00007ffd5352b000 	C:\WINDOWS\System32\KERNEL32.DLL
0x00007ffd523b0000 - 0x00007ffd525cd000 	C:\WINDOWS\System32\KERNELBASE.dll
0x00007ffd539e0000 - 0x00007ffd53a82000 	C:\WINDOWS\System32\ADVAPI32.dll
0x00007ffd53670000 - 0x00007ffd5370e000 	C:\WINDOWS\System32\msvcrt.dll
0x00007ffd55600000 - 0x00007ffd55659000 	C:\WINDOWS\System32\sechost.dll
0x00007ffd55b10000 - 0x00007ffd55c31000 	C:\WINDOWS\System32\RPCRT4.dll
0x00007ffd53c40000 - 0x00007ffd53da5000 	C:\WINDOWS\System32\USER32.dll
0x00007ffd53210000 - 0x00007ffd5322e000 	C:\WINDOWS\System32\win32u.dll
0x00007ffd533d0000 - 0x00007ffd53404000 	C:\WINDOWS\System32\GDI32.dll
0x00007ffd52d00000 - 0x00007ffd52e82000 	C:\WINDOWS\System32\gdi32full.dll
0x00007ffd40b50000 - 0x00007ffd40dc9000 	C:\WINDOWS\WinSxS\amd64_microsoft.windows.common-controls_6595b64144ccf1df_6.0.14393.447_none_42191651c6827bb3\COMCTL32.dll
0x00007ffd53710000 - 0x00007ffd539d8000 	C:\WINDOWS\System32\combase.dll
0x00007ffd53110000 - 0x00007ffd53205000 	C:\WINDOWS\System32\ucrtbase.dll
0x00007ffd52340000 - 0x00007ffd523aa000 	C:\WINDOWS\System32\bcryptPrimitives.dll
0x00007ffd53f80000 - 0x00007ffd53fae000 	C:\WINDOWS\System32\IMM32.DLL
0x0000000050430000 - 0x0000000050501000 	C:\Program Files\Java\jre1.8.0_102\bin\msvcr100.dll
0x00000000505c0000 - 0x0000000050e5a000 	C:\Program Files\Java\jre1.8.0_102\bin\server\jvm.dll
0x00007ffd53a90000 - 0x00007ffd53a98000 	C:\WINDOWS\System32\PSAPI.DLL
0x00007ffd40b20000 - 0x00007ffd40b29000 	C:\WINDOWS\SYSTEM32\WSOCK32.dll
0x00007ffd55aa0000 - 0x00007ffd55b0a000 	C:\WINDOWS\System32\WS2_32.dll
0x00007ffd50560000 - 0x00007ffd50583000 	C:\WINDOWS\SYSTEM32\WINMM.dll
0x00007ffd50500000 - 0x00007ffd5052b000 	C:\WINDOWS\SYSTEM32\WINMMBASE.dll
0x00007ffd52cb0000 - 0x00007ffd52cf2000 	C:\WINDOWS\System32\cfgmgr32.dll
0x00007ffd46730000 - 0x00007ffd4673a000 	C:\WINDOWS\SYSTEM32\VERSION.dll
0x0000000052260000 - 0x000000005226f000 	C:\Program Files\Java\jre1.8.0_102\bin\verify.dll
0x0000000052230000 - 0x0000000052259000 	C:\Program Files\Java\jre1.8.0_102\bin\java.dll
0x0000000052210000 - 0x0000000052226000 	C:\Program Files\Java\jre1.8.0_102\bin\zip.dll
0x00007ffd54030000 - 0x00007ffd55539000 	C:\WINDOWS\System32\SHELL32.dll
0x00007ffd525d0000 - 0x00007ffd52caa000 	C:\WINDOWS\System32\windows.storage.dll
0x00007ffd521d0000 - 0x00007ffd5221c000 	C:\WINDOWS\System32\powrprof.dll
0x00007ffd53fd0000 - 0x00007ffd54022000 	C:\WINDOWS\System32\shlwapi.dll
0x00007ffd521a0000 - 0x00007ffd521af000 	C:\WINDOWS\System32\kernel.appcore.dll
0x00007ffd53060000 - 0x00007ffd53109000 	C:\WINDOWS\System32\shcore.dll
0x00007ffd521b0000 - 0x00007ffd521c4000 	C:\WINDOWS\System32\profapi.dll
0x0000000180000000 - 0x0000000180051000 	C:\Users\Mirza\workspace\Game\lib\natives\windows\lwjgl64.dll
0x00007ffd3bb50000 - 0x00007ffd3bc73000 	C:\WINDOWS\SYSTEM32\OPENGL32.dll
0x00007ffd3ba20000 - 0x00007ffd3bb17000 	C:\WINDOWS\SYSTEM32\DDRAW.dll
0x00007ffd3bb20000 - 0x00007ffd3bb4d000 	C:\WINDOWS\SYSTEM32\GLU32.dll
0x00007ffd3c360000 - 0x00007ffd3c368000 	C:\WINDOWS\SYSTEM32\DCIMAN32.dll
0x00007ffd50830000 - 0x00007ffd508c5000 	C:\WINDOWS\system32\uxtheme.dll
0x00007ffd53e10000 - 0x00007ffd53f6b000 	C:\WINDOWS\System32\MSCTF.dll
0x00007ffd55540000 - 0x00007ffd555ff000 	C:\WINDOWS\System32\OLEAUT32.dll
0x00007ffd53230000 - 0x00007ffd532cc000 	C:\WINDOWS\System32\msvcp_win.dll
0x00007ffd1fa90000 - 0x00007ffd1fb98000 	C:\Program Files (x86)\Bandicam\bdcam64.dll
0x00007ffd3d4a0000 - 0x00007ffd3d4cc000 	C:\PROGRA~2\RAPTRI~1\Raptr\ltc_help64-116716.dll
0x00007ffd52230000 - 0x00007ffd52285000 	C:\WINDOWS\System32\WINTRUST.dll
0x00007ffd52220000 - 0x00007ffd52230000 	C:\WINDOWS\System32\MSASN1.dll
0x00007ffd52e90000 - 0x00007ffd53059000 	C:\WINDOWS\System32\CRYPT32.dll
0x00007ffd504a0000 - 0x00007ffd504c6000 	C:\WINDOWS\system32\dwmapi.dll
0x00007ffd356e0000 - 0x00007ffd356ff000 	C:\WINDOWS\System32\DriverStore\FileRepository\c0309270.inf_amd64_47c09dd18e1ee4c5\atig6pxx.dll
0x0000000075ee0000 - 0x0000000077ff4000 	C:\WINDOWS\System32\DriverStore\FileRepository\c0309270.inf_amd64_47c09dd18e1ee4c5\atio6axx.dll
0x00007ffd55660000 - 0x00007ffd55a89000 	C:\WINDOWS\System32\SETUPAPI.dll
0x00007ffd39a80000 - 0x00007ffd39aa3000 	C:\WINDOWS\SYSTEM32\dxva2.dll
0x00007ffd2c550000 - 0x00007ffd2c583000 	C:\WINDOWS\System32\DriverStore\FileRepository\c0309270.inf_amd64_47c09dd18e1ee4c5\atig6txx.dll
0x00007ffd378f0000 - 0x00007ffd37a44000 	C:\WINDOWS\SYSTEM32\atiadlxx.dll
0x00007ffd53530000 - 0x00007ffd53667000 	C:\WINDOWS\System32\ole32.dll
0x00007ffd51b00000 - 0x00007ffd51b1f000 	C:\WINDOWS\SYSTEM32\USERENV.dll
0x00007ffd502c0000 - 0x00007ffd502d3000 	C:\WINDOWS\SYSTEM32\WTSAPI32.dll
0x00007ffd502e0000 - 0x00007ffd50465000 	C:\WINDOWS\SYSTEM32\PROPSYS.dll
0x00007ffd516d0000 - 0x00007ffd51708000 	C:\WINDOWS\SYSTEM32\IPHLPAPI.DLL
0x00007ffd50e70000 - 0x00007ffd50e98000 	C:\WINDOWS\SYSTEM32\DEVOBJ.dll
0x00007ffd398a0000 - 0x00007ffd39a2d000 	C:\WINDOWS\SYSTEM32\d3d9.dll
0x00007ffd309d0000 - 0x00007ffd30a61000 	C:\WINDOWS\SYSTEM32\mscms.dll
0x00007ffd2f280000 - 0x00007ffd2f2c2000 	C:\WINDOWS\SYSTEM32\icm32.dll
0x00007ffd53330000 - 0x00007ffd533cf000 	C:\WINDOWS\System32\clbcatq.dll
0x0000000050290000 - 0x0000000050428000 	C:\Program Files\Java\jre1.8.0_102\bin\awt.dll
0x00007ffd50750000 - 0x00007ffd507ca000 	C:\WINDOWS\SYSTEM32\apphelp.dll
0x00007ffd51c70000 - 0x00007ffd51c87000 	C:\WINDOWS\System32\CRYPTSP.dll
0x00007ffd51b80000 - 0x00007ffd51bb3000 	C:\WINDOWS\system32\rsaenh.dll
0x00007ffd51d80000 - 0x00007ffd51dab000 	C:\WINDOWS\SYSTEM32\bcrypt.dll
0x00007ffd51c90000 - 0x00007ffd51c9b000 	C:\WINDOWS\SYSTEM32\CRYPTBASE.dll
0x00007ffd53fb0000 - 0x00007ffd53fcc000 	C:\WINDOWS\System32\imagehlp.dll
0x00007ffd510a0000 - 0x00007ffd510c3000 	C:\WINDOWS\SYSTEM32\gpapi.dll
0x00007ffd4bb50000 - 0x00007ffd4bb7f000 	C:\Windows\System32\cryptnet.dll
0x00007ffd4e5c0000 - 0x00007ffd4e5cb000 	C:\WINDOWS\SYSTEM32\WINNSI.DLL
0x00007ffd53f70000 - 0x00007ffd53f78000 	C:\WINDOWS\System32\NSI.dll
0x00007ffd1f660000 - 0x00007ffd1f899000 	C:\PROGRA~2\RAPTRI~1\Raptr\ltc_game64-116716.dll
0x00007ffd48610000 - 0x00007ffd487a2000 	C:\WINDOWS\SYSTEM32\dbghelp.dll

VM Arguments:
jvm_args: -Djava.library.path=C:\Users\Mirza\workspace\Game\lib\natives\windows -Dfile.encoding=Cp1250 
java_command: javagame.Game
java_class_path (initial): C:\Users\Mirza\workspace\Game\bin;C:\Users\Mirza\workspace\Game\lib\jars\lwjgl.jar;C:\Users\Mirza\workspace\Game\lib\jars\slick.jar
Launcher Type: SUN_STANDARD

Environment Variables:
PATH=C:/Program Files/Java/jre1.8.0_102/bin/server;C:/Program Files/Java/jre1.8.0_102/bin;C:/Program Files/Java/jre1.8.0_102/lib/amd64;C:\ProgramData\Oracle\Java\javapath;C:\WINDOWS\system32;C:\WINDOWS;C:\WINDOWS\System32\Wbem;C:\WINDOWS\System32\WindowsPowerShell\v1.0\;C:\Program Files\Intel\WiFi\bin\;C:\Program Files\Common Files\Intel\WirelessCommon\;C:\WINDOWS\system32\config\systemprofile\.dnx\bin;C:\Program Files\Microsoft DNX\Dnvm\;C:\Program Files\Microsoft SQL Server\130\Tools\Binn\;C:\Program Files (x86)\Windows Live\Shared;C:\Program Files\Git\cmd;C:\Program Files\Java\jdk1.8.0_102\bin;%USERPROFILE%\AppData\Local\Microsoft\WindowsApps;;C:\Users\Mirza\Desktop;
USERNAME=Mirza
OS=Windows_NT
PROCESSOR_IDENTIFIER=Intel64 Family 6 Model 61 Stepping 4, GenuineIntel



---------------  S Y S T E M  ---------------

OS: Windows 10.0 , 64 bit Build 14393 (10.0.14393.0)

CPU:total 4 (2 cores per cpu, 2 threads per core) family 6 model 61 stepping 4, cmov, cx8, fxsr, mmx, sse, sse2, sse3, ssse3, sse4.1, sse4.2, popcnt, avx, avx2, aes, clmul, erms, 3dnowpref, lzcnt, ht, tsc, tscinvbit, bmi1, bmi2, adx

Memory: 4k page, physical 8305600k(3901128k free), swap 9616320k(2812992k free)

vm_info: Java HotSpot(TM) 64-Bit Server VM (25.102-b14) for windows-amd64 JRE (1.8.0_102-b14), built on Jun 22 2016 13:15:21 by "java_re" with MS VC++ 10.0 (VS2010)

time: Sun Dec 25 20:44:41 2016
elapsed time: 5 seconds (0d 0h 0m 5s)

