#
# A fatal error has been detected by the Java Runtime Environment:
#
#  EXCEPTION_ACCESS_VIOLATION (0xc0000005) at pc=0x00007ffc9fab6e78, pid=4036, tid=0x00000000000010ac
#
# JRE version: Java(TM) SE Runtime Environment (8.0_102-b14) (build 1.8.0_102-b14)
# Java VM: Java HotSpot(TM) 64-Bit Server VM (25.102-b14 mixed mode windows-amd64 compressed oops)
# Problematic frame:
# C  0x00007ffc9fab6e78
#
# Failed to write core dump. Minidumps are not enabled by default on client versions of Windows
#
# If you would like to submit a bug report, please visit:
#   http://bugreport.java.com/bugreport/crash.jsp
# The crash happened outside the Java Virtual Machine in native code.
# See problematic frame for where to report the bug.
#

---------------  T H R E A D  ---------------

Current thread (0x00000000028c0800):  JavaThread "main" [_thread_in_native, id=4268, stack(0x0000000002780000,0x0000000002880000)]

siginfo: ExceptionCode=0xc0000005, ExceptionInformation=0x0000000000000008 0x00007ffc9fab6e78

Registers:
RAX=0x0000000000000000, RBX=0x0000000000000000, RCX=0x0000000048011cc0, RDX=0x0000000000000003
RSP=0x000000000287eff8, RBP=0x000000000287f090, RSI=0x00000000d5edee98, RDI=0x0000000048011cc0
R8 =0x000000000287c3b8, R9 =0x000000000287c530, R10=0x0000000000000000, R11=0x000000000287ea90
R12=0x0000000000000000, R13=0x00000000d6bbfb40, R14=0x000000000287f080, R15=0x00000000028c0800
RIP=0x00007ffc9fab6e78, EFLAGS=0x0000000000010206

Top of Stack: (sp=0x000000000287eff8)
0x000000000287eff8:   00007ffd52d7494e 00000000d5edede8
0x000000000287f008:   0000000000000000 0000000000000000
0x000000000287f018:   0000000000000000 0000000000000001
0x000000000287f028:   0000000002c07514 00000000d5edede8
0x000000000287f038:   00007ffd3bb50000 000000000287f3d0
0x000000000287f048:   00000000d5edede8 00000000d5edee98
0x000000000287f058:   00007ffd3bc2cad0 00000000d6a8b248
0x000000000287f068:   00000000d6a7a880 0000000000000001
0x000000000287f078:   00000000d5edede8 00000000d5f5c4c0
0x000000000287f088:   00000000d60277c8 000000000287f3d0
0x000000000287f098:   0000000002c8fac4 00000000d5fcfb40
0x000000000287f0a8:   0000000002cba398 4120000041200000
0x000000000287f0b8:   000000008067394e 000000000287f1b0
0x000000000287f0c8:   00007ffd523ffe5a 00000000d5edede8
0x000000000287f0d8:   00000000d5f5c560 00000000d5dee348
0x000000000287f0e8:   00000000170df048 000000179d3b2501 

Instructions: (pc=0x00007ffc9fab6e78)
0x00007ffc9fab6e58:   
[error occurred during error reporting (printing registers, top of stack, instructions near pc), id 0xc0000005]

Register to memory mapping:

RAX=0x0000000000000000 is an unknown value
RBX=0x0000000000000000 is an unknown value
RCX=0x0000000048011cc0 is an unknown value
RDX=0x0000000000000003 is an unknown value
RSP=0x000000000287eff8 is pointing into the stack for thread: 0x00000000028c0800
RBP=0x000000000287f090 is pointing into the stack for thread: 0x00000000028c0800
RSI=0x00000000d5edee98 is an oop
java.nio.DirectByteBuffer 
 - klass: 'java/nio/DirectByteBuffer'
RDI=0x0000000048011cc0 is an unknown value
R8 =0x000000000287c3b8 is pointing into the stack for thread: 0x00000000028c0800
R9 =0x000000000287c530 is pointing into the stack for thread: 0x00000000028c0800
R10=0x0000000000000000 is an unknown value
R11=0x000000000287ea90 is pointing into the stack for thread: 0x00000000028c0800
R12=0x0000000000000000 is an unknown value
R13=0x00000000d6bbfb40 is an oop
java.util.LinkedHashMap$Entry 
 - klass: 'java/util/LinkedHashMap$Entry'
R14=0x000000000287f080 is pointing into the stack for thread: 0x00000000028c0800
R15=0x00000000028c0800 is a thread


Stack: [0x0000000002780000,0x0000000002880000],  sp=0x000000000287eff8,  free space=1019k
Native frames: (J=compiled Java code, j=interpreted, Vv=VM code, C=native code)
C  0x00007ffc9fab6e78

Java frames: (J=compiled Java code, j=interpreted, Vv=VM code)
J 481  org.lwjgl.opengl.WindowsContextImplementation.nSwapBuffers(Ljava/nio/ByteBuffer;)V (0 bytes) @ 0x0000000002c07492 [0x0000000002c07440+0x52]
J 602 C1 org.lwjgl.opengl.WindowsContextImplementation.swapBuffers()V (67 bytes) @ 0x0000000002c8fac4 [0x0000000002c8f640+0x484]
J 479 C1 org.lwjgl.opengl.DrawableGL.swapBuffers()V (4 bytes) @ 0x0000000002c0a39c [0x0000000002c0a2c0+0xdc]
J 478 C1 org.lwjgl.opengl.Display.swapBuffers()V (55 bytes) @ 0x0000000002c09b6c [0x0000000002c09800+0x36c]
J 477 C1 org.lwjgl.opengl.Display.update(Z)V (154 bytes) @ 0x0000000002c080dc [0x0000000002c07c60+0x47c]
J 507 C1 org.newdawn.slick.AppGameContainer.gameLoop()V (81 bytes) @ 0x0000000002c2a6e4 [0x0000000002c2a080+0x664]
j  org.newdawn.slick.AppGameContainer.start()V+17
j  javagame.Game.main([Ljava/lang/String;)V+29
v  ~StubRoutines::call_stub

---------------  P R O C E S S  ---------------

Java Threads: ( => current thread )
  0x0000000018eb9800 JavaThread "Service Thread" daemon [_thread_blocked, id=6356, stack(0x0000000019290000,0x0000000019390000)]
  0x0000000017535000 JavaThread "C1 CompilerThread2" daemon [_thread_blocked, id=6916, stack(0x0000000018d90000,0x0000000018e90000)]
  0x0000000017532000 JavaThread "C2 CompilerThread1" daemon [_thread_blocked, id=2472, stack(0x0000000018c90000,0x0000000018d90000)]
  0x000000001752f800 JavaThread "C2 CompilerThread0" daemon [_thread_blocked, id=7780, stack(0x0000000018b90000,0x0000000018c90000)]
  0x000000001752d800 JavaThread "Attach Listener" daemon [_thread_blocked, id=2612, stack(0x0000000018a90000,0x0000000018b90000)]
  0x000000001752c800 JavaThread "Signal Dispatcher" daemon [_thread_blocked, id=3056, stack(0x0000000018990000,0x0000000018a90000)]
  0x00000000029ba000 JavaThread "Finalizer" daemon [_thread_blocked, id=1664, stack(0x00000000187a0000,0x00000000188a0000)]
  0x00000000174f9000 JavaThread "Reference Handler" daemon [_thread_blocked, id=456, stack(0x00000000186a0000,0x00000000187a0000)]
=>0x00000000028c0800 JavaThread "main" [_thread_in_native, id=4268, stack(0x0000000002780000,0x0000000002880000)]

Other Threads:
  0x00000000174f7000 VMThread [stack: 0x00000000185a0000,0x00000000186a0000] [id=1408]
  0x0000000018ede800 WatcherThread [stack: 0x0000000019390000,0x0000000019490000] [id=7284]

VM state:not at safepoint (normal execution)

VM Mutex/Monitor currently owned by a thread: None

Heap:
 PSYoungGen      total 38400K, used 16695K [0x00000000d5c00000, 0x00000000d8680000, 0x0000000100000000)
  eden space 33280K, 50% used [0x00000000d5c00000,0x00000000d6c4dd88,0x00000000d7c80000)
  from space 5120K, 0% used [0x00000000d8180000,0x00000000d8180000,0x00000000d8680000)
  to   space 5120K, 0% used [0x00000000d7c80000,0x00000000d7c80000,0x00000000d8180000)
 ParOldGen       total 87552K, used 0K [0x0000000081400000, 0x0000000086980000, 0x00000000d5c00000)
  object space 87552K, 0% used [0x0000000081400000,0x0000000081400000,0x0000000086980000)
 Metaspace       used 5507K, capacity 6171K, committed 6272K, reserved 1056768K
  class space    used 529K, capacity 560K, committed 640K, reserved 1048576K

Card table byte_map: [0x0000000011d80000,0x0000000012180000] byte_map_base: 0x0000000011976000

Marking Bits: (ParMarkBitMap*) 0x0000000050dda6c0
 Begin Bits: [0x0000000012830000, 0x00000000147e0000)
 End Bits:   [0x00000000147e0000, 0x0000000016790000)

Polling page: 0x0000000000f60000

CodeCache: size=245760Kb used=3029Kb max_used=3048Kb free=242731Kb
 bounds [0x00000000029c0000, 0x0000000002cc0000, 0x00000000119c0000]
 total_blobs=1034 nmethods=640 adapters=307
 compilation: enabled

Compilation events (10 events):
Event: 5.071 Thread 0x0000000017532000 nmethod 636 0x0000000002caced0 code [0x0000000002cad020, 0x0000000002cad358]
Event: 5.072 Thread 0x000000001752f800 nmethod 634 0x0000000002cae990 code [0x0000000002caeb20, 0x0000000002caf4d8]
Event: 5.145 Thread 0x0000000017532000  637       4       java.util.HashMap$KeyIterator::next (8 bytes)
Event: 5.145 Thread 0x000000001752f800  638       4       org.newdawn.slick.Image::draw (236 bytes)
Event: 5.152 Thread 0x0000000017532000 nmethod 637 0x0000000002caff50 code [0x0000000002cb00a0, 0x0000000002cb0318]
Event: 5.152 Thread 0x0000000017532000  639       4       org.newdawn.slick.Graphics::resetTransform (39 bytes)
Event: 5.152 Thread 0x0000000017532000 nmethod 639 0x0000000002cacc90 code [0x0000000002cacdc0, 0x0000000002cace58]
Event: 5.159 Thread 0x000000001752f800 nmethod 638 0x0000000002cb3f10 code [0x0000000002cb41c0, 0x0000000002cb4cf0]
Event: 5.813 Thread 0x0000000017532000  640       4       org.newdawn.slick.AngelCodeFont::drawString (222 bytes)
Event: 5.881 Thread 0x0000000017532000 nmethod 640 0x0000000002cb98d0 code [0x0000000002cb9c20, 0x0000000002cbbc98]

GC Heap History (0 events):
No events

Deoptimization events (1 events):
Event: 3.188 Thread 0x00000000028c0800 Uncommon trap: reason=unstable_if action=reinterpret pc=0x0000000002c4cc94 method=org.newdawn.slick.Image.init()V @ 4

Internal exceptions (7 events):
Event: 0.055 Thread 0x00000000028c0800 Exception <a 'java/lang/NoSuchMethodError': Method sun.misc.Unsafe.defineClass(Ljava/lang/String;[BII)Ljava/lang/Class; name or signature does not match> (0x00000000d5c07c78) thrown at [C:\re\workspace\8-2-build-windows-amd64-cygwin\jdk8u102\7268\hotspot\sgæ®É3q¬?
Event: 0.056 Thread 0x00000000028c0800 Exception <a 'java/lang/NoSuchMethodError': Method sun.misc.Unsafe.prefetchRead(Ljava/lang/Object;J)V name or signature does not match> (0x00000000d5c07f60) thrown at [C:\re\workspace\8-2-build-windows-amd64-cygwin\jdk8u102\7268\hotspot\src\share\vm\prims\þO,‚Ê?
Event: 0.207 Thread 0x00000000028c0800 Exception <a 'java/security/PrivilegedActionException'> (0x00000000d5e60278) thrown at [C:\re\workspace\8-2-build-windows-amd64-cygwin\jdk8u102\7268\hotspot\src\share\vm\prims\jvm.cpp, line 1386]
Event: 0.207 Thread 0x00000000028c0800 Exception <a 'java/security/PrivilegedActionException'> (0x00000000d5e60488) thrown at [C:\re\workspace\8-2-build-windows-amd64-cygwin\jdk8u102\7268\hotspot\src\share\vm\prims\jvm.cpp, line 1386]
Event: 0.208 Thread 0x00000000028c0800 Exception <a 'java/security/PrivilegedActionException'> (0x00000000d5e640d0) thrown at [C:\re\workspace\8-2-build-windows-amd64-cygwin\jdk8u102\7268\hotspot\src\share\vm\prims\jvm.cpp, line 1386]
Event: 0.208 Thread 0x00000000028c0800 Exception <a 'java/security/PrivilegedActionException'> (0x00000000d5e642e0) thrown at [C:\re\workspace\8-2-build-windows-amd64-cygwin\jdk8u102\7268\hotspot\src\share\vm\prims\jvm.cpp, line 1386]
Event: 0.969 Thread 0x00000000028c0800 Exception <a 'java/lang/NoClassDefFoundError': net/java/games/input/ControllerEnvironment> (0x00000000d623b488) thrown at [C:\re\workspace\8-2-build-windows-amd64-cygwin\jdk8u102\7268\hotspot\src\share\vm\classfile\systemDictionary.cpp, line 199]

Events (10 events):
Event: 3.196 Executing VM operation: Deoptimize
Event: 3.196 Executing VM operation: Deoptimize done
Event: 3.196 loading class sun/misc/FloatingDecimal$PreparedASCIIToBinaryBuffer
Event: 3.196 loading class sun/misc/FloatingDecimal$ASCIIToBinaryConverter
Event: 3.196 loading class sun/misc/FloatingDecimal$ASCIIToBinaryConverter done
Event: 3.196 loading class sun/misc/FloatingDecimal$PreparedASCIIToBinaryBuffer done
Event: 3.212 Thread 0x00000000028c0800 DEOPT PACKING pc=0x0000000002c367ac sp=0x000000000287f140
Event: 3.212 Thread 0x00000000028c0800 DEOPT UNPACKING pc=0x0000000002a0787f sp=0x000000000287ef68 mode 0
Event: 4.162 Executing VM operation: EnableBiasedLocking
Event: 4.162 Executing VM operation: EnableBiasedLocking done


Dynamic libraries:
0x00007ff6e1570000 - 0x00007ff6e15a7000 	C:\Program Files\Java\jre1.8.0_102\bin\javaw.exe
0x00007ffd55d40000 - 0x00007ffd55f11000 	C:\WINDOWS\SYSTEM32\ntdll.dll
0x00007ffd53480000 - 0x00007ffd5352b000 	C:\WINDOWS\System32\KERNEL32.DLL
0x00007ffd523b0000 - 0x00007ffd525cd000 	C:\WINDOWS\System32\KERNELBASE.dll
0x00007ffd539e0000 - 0x00007ffd53a82000 	C:\WINDOWS\System32\ADVAPI32.dll
0x00007ffd53670000 - 0x00007ffd5370e000 	C:\WINDOWS\System32\msvcrt.dll
0x00007ffd55600000 - 0x00007ffd55659000 	C:\WINDOWS\System32\sechost.dll
0x00007ffd55b10000 - 0x00007ffd55c31000 	C:\WINDOWS\System32\RPCRT4.dll
0x00007ffd53c40000 - 0x00007ffd53da5000 	C:\WINDOWS\System32\USER32.dll
0x00007ffd53210000 - 0x00007ffd5322e000 	C:\WINDOWS\System32\win32u.dll
0x00007ffd533d0000 - 0x00007ffd53404000 	C:\WINDOWS\System32\GDI32.dll
0x00007ffd52d00000 - 0x00007ffd52e82000 	C:\WINDOWS\System32\gdi32full.dll
0x00007ffd40b50000 - 0x00007ffd40dc9000 	C:\WINDOWS\WinSxS\amd64_microsoft.windows.common-controls_6595b64144ccf1df_6.0.14393.447_none_42191651c6827bb3\COMCTL32.dll
0x00007ffd53710000 - 0x00007ffd539d8000 	C:\WINDOWS\System32\combase.dll
0x00007ffd53110000 - 0x00007ffd53205000 	C:\WINDOWS\System32\ucrtbase.dll
0x00007ffd52340000 - 0x00007ffd523aa000 	C:\WINDOWS\System32\bcryptPrimitives.dll
0x00007ffd53f80000 - 0x00007ffd53fae000 	C:\WINDOWS\System32\IMM32.DLL
0x0000000050430000 - 0x0000000050501000 	C:\Program Files\Java\jre1.8.0_102\bin\msvcr100.dll
0x00000000505c0000 - 0x0000000050e5a000 	C:\Program Files\Java\jre1.8.0_102\bin\server\jvm.dll
0x00007ffd53a90000 - 0x00007ffd53a98000 	C:\WINDOWS\System32\PSAPI.DLL
0x00007ffd40b20000 - 0x00007ffd40b29000 	C:\WINDOWS\SYSTEM32\WSOCK32.dll
0x00007ffd50560000 - 0x00007ffd50583000 	C:\WINDOWS\SYSTEM32\WINMM.dll
0x00007ffd46730000 - 0x00007ffd4673a000 	C:\WINDOWS\SYSTEM32\VERSION.dll
0x00007ffd55aa0000 - 0x00007ffd55b0a000 	C:\WINDOWS\System32\WS2_32.dll
0x0000000000f90000 - 0x0000000000fbb000 	C:\WINDOWS\SYSTEM32\WINMMBASE.dll
0x00007ffd52cb0000 - 0x00007ffd52cf2000 	C:\WINDOWS\System32\cfgmgr32.dll
0x0000000052260000 - 0x000000005226f000 	C:\Program Files\Java\jre1.8.0_102\bin\verify.dll
0x0000000052230000 - 0x0000000052259000 	C:\Program Files\Java\jre1.8.0_102\bin\java.dll
0x0000000052210000 - 0x0000000052226000 	C:\Program Files\Java\jre1.8.0_102\bin\zip.dll
0x00007ffd54030000 - 0x00007ffd55539000 	C:\WINDOWS\System32\SHELL32.dll
0x00007ffd525d0000 - 0x00007ffd52caa000 	C:\WINDOWS\System32\windows.storage.dll
0x00007ffd521d0000 - 0x00007ffd5221c000 	C:\WINDOWS\System32\powrprof.dll
0x00007ffd53fd0000 - 0x00007ffd54022000 	C:\WINDOWS\System32\shlwapi.dll
0x00007ffd521a0000 - 0x00007ffd521af000 	C:\WINDOWS\System32\kernel.appcore.dll
0x00007ffd53060000 - 0x00007ffd53109000 	C:\WINDOWS\System32\shcore.dll
0x00007ffd521b0000 - 0x00007ffd521c4000 	C:\WINDOWS\System32\profapi.dll
0x0000000180000000 - 0x0000000180051000 	C:\Users\Mirza\workspace\Game\lib\natives\windows\lwjgl64.dll
0x00007ffd3bb50000 - 0x00007ffd3bc73000 	C:\WINDOWS\SYSTEM32\OPENGL32.dll
0x00007ffd3ba20000 - 0x00007ffd3bb17000 	C:\WINDOWS\SYSTEM32\DDRAW.dll
0x00007ffd3bb20000 - 0x00007ffd3bb4d000 	C:\WINDOWS\SYSTEM32\GLU32.dll
0x00007ffd3c360000 - 0x00007ffd3c368000 	C:\WINDOWS\SYSTEM32\DCIMAN32.dll
0x00007ffd50830000 - 0x00007ffd508c5000 	C:\WINDOWS\system32\uxtheme.dll
0x00007ffd53e10000 - 0x00007ffd53f6b000 	C:\WINDOWS\System32\MSCTF.dll
0x00007ffd55540000 - 0x00007ffd555ff000 	C:\WINDOWS\System32\OLEAUT32.dll
0x00007ffd53230000 - 0x00007ffd532cc000 	C:\WINDOWS\System32\msvcp_win.dll
0x00007ffd1fa90000 - 0x00007ffd1fb98000 	C:\Program Files (x86)\Bandicam\bdcam64.dll
0x00007ffd3d4a0000 - 0x00007ffd3d4cc000 	C:\PROGRA~2\RAPTRI~1\Raptr\ltc_help64-116716.dll
0x00007ffd52230000 - 0x00007ffd52285000 	C:\WINDOWS\System32\WINTRUST.dll
0x00007ffd52220000 - 0x00007ffd52230000 	C:\WINDOWS\System32\MSASN1.dll
0x00007ffd52e90000 - 0x00007ffd53059000 	C:\WINDOWS\System32\CRYPT32.dll
0x00007ffd504a0000 - 0x00007ffd504c6000 	C:\WINDOWS\system32\dwmapi.dll
0x00007ffd356e0000 - 0x00007ffd356ff000 	C:\WINDOWS\System32\DriverStore\FileRepository\c0309270.inf_amd64_47c09dd18e1ee4c5\atig6pxx.dll
0x0000000075ee0000 - 0x0000000077ff4000 	C:\WINDOWS\System32\DriverStore\FileRepository\c0309270.inf_amd64_47c09dd18e1ee4c5\atio6axx.dll
0x00007ffd55660000 - 0x00007ffd55a89000 	C:\WINDOWS\System32\SETUPAPI.dll
0x00007ffd39a80000 - 0x00007ffd39aa3000 	C:\WINDOWS\SYSTEM32\dxva2.dll
0x00007ffd2c550000 - 0x00007ffd2c583000 	C:\WINDOWS\System32\DriverStore\FileRepository\c0309270.inf_amd64_47c09dd18e1ee4c5\atig6txx.dll
0x00007ffd378f0000 - 0x00007ffd37a44000 	C:\WINDOWS\SYSTEM32\atiadlxx.dll
0x00007ffd53530000 - 0x00007ffd53667000 	C:\WINDOWS\System32\ole32.dll
0x00007ffd51b00000 - 0x00007ffd51b1f000 	C:\WINDOWS\SYSTEM32\USERENV.dll
0x00007ffd502e0000 - 0x00007ffd50465000 	C:\WINDOWS\SYSTEM32\PROPSYS.dll
0x00007ffd502c0000 - 0x00007ffd502d3000 	C:\WINDOWS\SYSTEM32\WTSAPI32.dll
0x00007ffd516d0000 - 0x00007ffd51708000 	C:\WINDOWS\SYSTEM32\IPHLPAPI.DLL
0x00007ffd50e70000 - 0x00007ffd50e98000 	C:\WINDOWS\SYSTEM32\DEVOBJ.dll
0x00007ffd398a0000 - 0x00007ffd39a2d000 	C:\WINDOWS\SYSTEM32\d3d9.dll
0x00007ffd309d0000 - 0x00007ffd30a61000 	C:\WINDOWS\SYSTEM32\mscms.dll
0x00007ffd2f280000 - 0x00007ffd2f2c2000 	C:\WINDOWS\SYSTEM32\icm32.dll
0x00007ffd53330000 - 0x00007ffd533cf000 	C:\WINDOWS\System32\clbcatq.dll
0x0000000050290000 - 0x0000000050428000 	C:\Program Files\Java\jre1.8.0_102\bin\awt.dll
0x00007ffd50750000 - 0x00007ffd507ca000 	C:\WINDOWS\SYSTEM32\apphelp.dll
0x00007ffd51c70000 - 0x00007ffd51c87000 	C:\WINDOWS\System32\CRYPTSP.dll
0x00007ffd51b80000 - 0x00007ffd51bb3000 	C:\WINDOWS\system32\rsaenh.dll
0x00007ffd51d80000 - 0x00007ffd51dab000 	C:\WINDOWS\SYSTEM32\bcrypt.dll
0x00007ffd51c90000 - 0x00007ffd51c9b000 	C:\WINDOWS\SYSTEM32\CRYPTBASE.dll
0x00007ffd53fb0000 - 0x00007ffd53fcc000 	C:\WINDOWS\System32\imagehlp.dll
0x00007ffd510a0000 - 0x00007ffd510c3000 	C:\WINDOWS\SYSTEM32\gpapi.dll
0x00007ffd4bb50000 - 0x00007ffd4bb7f000 	C:\Windows\System32\cryptnet.dll
0x00007ffd4e5c0000 - 0x00007ffd4e5cb000 	C:\WINDOWS\SYSTEM32\WINNSI.DLL
0x00007ffd53f70000 - 0x00007ffd53f78000 	C:\WINDOWS\System32\NSI.dll
0x00007ffd1f660000 - 0x00007ffd1f899000 	C:\PROGRA~2\RAPTRI~1\Raptr\ltc_game64-116716.dll
0x00007ffd48610000 - 0x00007ffd487a2000 	C:\WINDOWS\SYSTEM32\dbghelp.dll

VM Arguments:
jvm_args: -Djava.library.path=C:\Users\Mirza\workspace\Game\lib\natives\windows -Dfile.encoding=Cp1250 
java_command: javagame.Game
java_class_path (initial): C:\Users\Mirza\workspace\Game\bin;C:\Users\Mirza\workspace\Game\lib\jars\lwjgl.jar;C:\Users\Mirza\workspace\Game\lib\jars\slick.jar
Launcher Type: SUN_STANDARD

Environment Variables:
PATH=C:/Program Files/Java/jre1.8.0_102/bin/server;C:/Program Files/Java/jre1.8.0_102/bin;C:/Program Files/Java/jre1.8.0_102/lib/amd64;C:\ProgramData\Oracle\Java\javapath;C:\WINDOWS\system32;C:\WINDOWS;C:\WINDOWS\System32\Wbem;C:\WINDOWS\System32\WindowsPowerShell\v1.0\;C:\Program Files\Intel\WiFi\bin\;C:\Program Files\Common Files\Intel\WirelessCommon\;C:\WINDOWS\system32\config\systemprofile\.dnx\bin;C:\Program Files\Microsoft DNX\Dnvm\;C:\Program Files\Microsoft SQL Server\130\Tools\Binn\;C:\Program Files (x86)\Windows Live\Shared;C:\Program Files\Git\cmd;C:\Program Files\Java\jdk1.8.0_102\bin;%USERPROFILE%\AppData\Local\Microsoft\WindowsApps;;C:\Users\Mirza\Desktop;
USERNAME=Mirza
OS=Windows_NT
PROCESSOR_IDENTIFIER=Intel64 Family 6 Model 61 Stepping 4, GenuineIntel



---------------  S Y S T E M  ---------------

OS: Windows 10.0 , 64 bit Build 14393 (10.0.14393.0)

CPU:total 4 (2 cores per cpu, 2 threads per core) family 6 model 61 stepping 4, cmov, cx8, fxsr, mmx, sse, sse2, sse3, ssse3, sse4.1, sse4.2, popcnt, avx, avx2, aes, clmul, erms, 3dnowpref, lzcnt, ht, tsc, tscinvbit, bmi1, bmi2, adx

Memory: 4k page, physical 8305600k(3720588k free), swap 9616320k(2265552k free)

vm_info: Java HotSpot(TM) 64-Bit Server VM (25.102-b14) for windows-amd64 JRE (1.8.0_102-b14), built on Jun 22 2016 13:15:21 by "java_re" with MS VC++ 10.0 (VS2010)

time: Sun Dec 25 21:34:19 2016
elapsed time: 6 seconds (0d 0h 0m 6s)

