#
# A fatal error has been detected by the Java Runtime Environment:
#
#  EXCEPTION_ACCESS_VIOLATION (0xc0000005) at pc=0x00007fface7a6e78, pid=3468, tid=0x00000000000013d4
#
# JRE version: Java(TM) SE Runtime Environment (8.0_102-b14) (build 1.8.0_102-b14)
# Java VM: Java HotSpot(TM) 64-Bit Server VM (25.102-b14 mixed mode windows-amd64 compressed oops)
# Problematic frame:
# C  0x00007fface7a6e78
#
# Failed to write core dump. Minidumps are not enabled by default on client versions of Windows
#
# If you would like to submit a bug report, please visit:
#   http://bugreport.java.com/bugreport/crash.jsp
# The crash happened outside the Java Virtual Machine in native code.
# See problematic frame for where to report the bug.
#

---------------  T H R E A D  ---------------

Current thread (0x0000000002fb0800):  JavaThread "main" [_thread_in_native, id=5076, stack(0x0000000002eb0000,0x0000000002fb0000)]

siginfo: ExceptionCode=0xc0000005, ExceptionInformation=0x0000000000000008 0x00007fface7a6e78

Registers:
RAX=0x0000000000000000, RBX=0x0000000000000000, RCX=0x0000000061010a76, RDX=0x0000000000000003
RSP=0x0000000002faed28, RBP=0x0000000002faedc0, RSI=0x00000000d5ee2fd0, RDI=0x0000000061010a76
R8 =0x0000000002fac0e8, R9 =0x0000000002fac260, R10=0x0000000000000000, R11=0x0000000002fae7c0
R12=0x0000000000000000, R13=0x0000000000000007, R14=0x0000000002faedb0, R15=0x0000000002fb0800
RIP=0x00007fface7a6e78, EFLAGS=0x0000000000010202

Top of Stack: (sp=0x0000000002faed28)
0x0000000002faed28:   00007ffb70ae494e 00000000d5ee2f20
0x0000000002faed38:   0000000000000000 0000000000000000
0x0000000002faed48:   0000000000000000 0000000000000001
0x0000000002faed58:   0000000003317d94 00000000d5ee2f20
0x0000000002faed68:   00007ffb59e80000 0000000002faf100
0x0000000002faed78:   00000000d5ee2f20 00000000d5ee2fd0
0x0000000002faed88:   00007ffb59f5cad0 0000000000000008
0x0000000002faed98:   000000000328a9b8 0000000000000001
0x0000000002faeda8:   00000000d5ee2f20 00000000d5f604e8
0x0000000002faedb8:   00000000d602b8a8 0000000002faf100
0x0000000002faedc8:   000000000330391c 00000000d5fd3b68
0x0000000002faedd8:   000000000335fd7c 412000008067314a
0x0000000002faede8:   0000000741200000 0000000002faeee0
0x0000000002faedf8:   00007ffb7156fe5a 00000000d5ee2f20
0x0000000002faee08:   00000000d5f60588 00000000d5dee348
0x0000000002faee18:   00000000177eba88 000000179d3b2501 

Instructions: (pc=0x00007fface7a6e78)
0x00007fface7a6e58:   
[error occurred during error reporting (printing registers, top of stack, instructions near pc), id 0xc0000005]

Register to memory mapping:

RAX=0x0000000000000000 is an unknown value
RBX=0x0000000000000000 is an unknown value
RCX=0x0000000061010a76 is an unknown value
RDX=0x0000000000000003 is an unknown value
RSP=0x0000000002faed28 is pointing into the stack for thread: 0x0000000002fb0800
RBP=0x0000000002faedc0 is pointing into the stack for thread: 0x0000000002fb0800
RSI=0x00000000d5ee2fd0 is an oop
java.nio.DirectByteBuffer 
 - klass: 'java/nio/DirectByteBuffer'
RDI=0x0000000061010a76 is an unknown value
R8 =0x0000000002fac0e8 is pointing into the stack for thread: 0x0000000002fb0800
R9 =0x0000000002fac260 is pointing into the stack for thread: 0x0000000002fb0800
R10=0x0000000000000000 is an unknown value
R11=0x0000000002fae7c0 is pointing into the stack for thread: 0x0000000002fb0800
R12=0x0000000000000000 is an unknown value
R13=0x0000000000000007 is an unknown value
R14=0x0000000002faedb0 is pointing into the stack for thread: 0x0000000002fb0800
R15=0x0000000002fb0800 is a thread


Stack: [0x0000000002eb0000,0x0000000002fb0000],  sp=0x0000000002faed28,  free space=1019k
Native frames: (J=compiled Java code, j=interpreted, Vv=VM code, C=native code)
C  0x00007fface7a6e78

Java frames: (J=compiled Java code, j=interpreted, Vv=VM code)
J 523  org.lwjgl.opengl.WindowsContextImplementation.nSwapBuffers(Ljava/nio/ByteBuffer;)V (0 bytes) @ 0x0000000003317d12 [0x0000000003317cc0+0x52]
J 505 C1 org.lwjgl.opengl.WindowsContextImplementation.swapBuffers()V (67 bytes) @ 0x000000000330391c [0x0000000003303500+0x41c]
J 504 C1 org.lwjgl.opengl.DrawableGL.swapBuffers()V (4 bytes) @ 0x000000000330311c [0x0000000003303040+0xdc]
J 503 C1 org.lwjgl.opengl.Display.swapBuffers()V (55 bytes) @ 0x00000000033028ec [0x0000000003302580+0x36c]
J 520 C1 org.lwjgl.opengl.Display.update(Z)V (154 bytes) @ 0x0000000003318c8c [0x0000000003318820+0x46c]
J 570 C1 org.newdawn.slick.AppGameContainer.gameLoop()V (81 bytes) @ 0x00000000033555a4 [0x0000000003354f40+0x664]
j  org.newdawn.slick.AppGameContainer.start()V+17
j  javagame.Game.main([Ljava/lang/String;)V+29
v  ~StubRoutines::call_stub

---------------  P R O C E S S  ---------------

Java Threads: ( => current thread )
  0x00000000195a0800 JavaThread "Service Thread" daemon [_thread_blocked, id=1660, stack(0x0000000019980000,0x0000000019a80000)]
  0x0000000017c24800 JavaThread "C1 CompilerThread2" daemon [_thread_blocked, id=4148, stack(0x0000000019480000,0x0000000019580000)]
  0x0000000017c22000 JavaThread "C2 CompilerThread1" daemon [_thread_blocked, id=5960, stack(0x0000000019380000,0x0000000019480000)]
  0x0000000017c1e800 JavaThread "C2 CompilerThread0" daemon [_thread_blocked, id=4980, stack(0x0000000019280000,0x0000000019380000)]
  0x0000000017c1d000 JavaThread "Attach Listener" daemon [_thread_blocked, id=2180, stack(0x0000000019180000,0x0000000019280000)]
  0x0000000017c1c000 JavaThread "Signal Dispatcher" daemon [_thread_blocked, id=4020, stack(0x0000000019080000,0x0000000019180000)]
  0x00000000030ab000 JavaThread "Finalizer" daemon [_thread_blocked, id=6436, stack(0x0000000018e90000,0x0000000018f90000)]
  0x0000000017be9000 JavaThread "Reference Handler" daemon [_thread_blocked, id=6672, stack(0x0000000018d90000,0x0000000018e90000)]
=>0x0000000002fb0800 JavaThread "main" [_thread_in_native, id=5076, stack(0x0000000002eb0000,0x0000000002fb0000)]

Other Threads:
  0x0000000017be7000 VMThread [stack: 0x0000000018c90000,0x0000000018d90000] [id=7776]
  0x00000000195d1800 WatcherThread [stack: 0x0000000019a80000,0x0000000019b80000] [id=6892]

VM state:not at safepoint (normal execution)

VM Mutex/Monitor currently owned by a thread: None

Heap:
 PSYoungGen      total 38400K, used 16257K [0x00000000d5c00000, 0x00000000d8680000, 0x0000000100000000)
  eden space 33280K, 48% used [0x00000000d5c00000,0x00000000d6be0718,0x00000000d7c80000)
  from space 5120K, 0% used [0x00000000d8180000,0x00000000d8180000,0x00000000d8680000)
  to   space 5120K, 0% used [0x00000000d7c80000,0x00000000d7c80000,0x00000000d8180000)
 ParOldGen       total 87552K, used 49239K [0x0000000081400000, 0x0000000086980000, 0x00000000d5c00000)
  object space 87552K, 56% used [0x0000000081400000,0x0000000084415ca8,0x0000000086980000)
 Metaspace       used 5742K, capacity 6235K, committed 6528K, reserved 1056768K
  class space    used 553K, capacity 560K, committed 640K, reserved 1048576K

Card table byte_map: [0x0000000012470000,0x0000000012870000] byte_map_base: 0x0000000012066000

Marking Bits: (ParMarkBitMap*) 0x000000006f32a6c0
 Begin Bits: [0x0000000012f20000, 0x0000000014ed0000)
 End Bits:   [0x0000000014ed0000, 0x0000000016e80000)

Polling page: 0x0000000001210000

CodeCache: size=245760Kb used=2771Kb max_used=2772Kb free=242988Kb
 bounds [0x00000000030b0000, 0x0000000003370000, 0x00000000120b0000]
 total_blobs=995 nmethods=595 adapters=313
 compilation: enabled

Compilation events (10 events):
Event: 11.516 Thread 0x0000000017c24800  591       3       java.nio.Bits::int2 (6 bytes)
Event: 11.517 Thread 0x0000000017c24800 nmethod 591 0x0000000003368810 code [0x0000000003368960, 0x0000000003368ab0]
Event: 11.517 Thread 0x0000000017c24800  592       3       java.nio.Bits::int1 (6 bytes)
Event: 11.517 Thread 0x0000000017c24800 nmethod 592 0x0000000003368510 code [0x0000000003368660, 0x00000000033687b0]
Event: 11.517 Thread 0x0000000017c24800  593       3       java.nio.Bits::int0 (3 bytes)
Event: 11.517 Thread 0x0000000017c24800 nmethod 593 0x0000000003368210 code [0x0000000003368360, 0x0000000003368490]
Event: 11.520 Thread 0x0000000017c24800  594       3       java.nio.Bits::putIntB (43 bytes)
Event: 11.521 Thread 0x0000000017c24800 nmethod 594 0x0000000003367850 code [0x0000000003367a00, 0x0000000003368018]
Event: 11.521 Thread 0x0000000017c24800  595       3       java.nio.Bits::makeInt (29 bytes)
Event: 11.522 Thread 0x0000000017c24800 nmethod 595 0x0000000003367510 code [0x0000000003367660, 0x00000000033677b0]

GC Heap History (0 events):
No events

Deoptimization events (3 events):
Event: 3.910 Thread 0x0000000002fb0800 Uncommon trap: reason=unstable_if action=reinterpret pc=0x0000000003288538 method=java.lang.String.<init>([CII)V @ 18
Event: 4.917 Thread 0x0000000002fb0800 Uncommon trap: reason=unstable_if action=reinterpret pc=0x000000000329a054 method=org.newdawn.slick.openal.WaveData.convertAudioBytes([BZ)Ljava/nio/ByteBuffer; @ 48
Event: 10.595 Thread 0x0000000002fb0800 Uncommon trap: reason=null_check action=make_not_entrant pc=0x00000000033527e8 method=org.newdawn.slick.AngelCodeFont.drawString(FFLjava/lang/String;Lorg/newdawn/slick/Color;II)V @ 54

Internal exceptions (10 events):
Event: 3.573 Thread 0x0000000002fb0800 Exception <a 'java/security/PrivilegedActionException'> (0x00000000d625c030) thrown at [C:\re\workspace\8-2-build-windows-amd64-cygwin\jdk8u102\7268\hotspot\src\share\vm\prims\jvm.cpp, line 1386]
Event: 3.578 Thread 0x0000000002fb0800 Exception <a 'java/security/PrivilegedActionException'> (0x00000000d625dc48) thrown at [C:\re\workspace\8-2-build-windows-amd64-cygwin\jdk8u102\7268\hotspot\src\share\vm\prims\jvm.cpp, line 1386]
Event: 3.579 Thread 0x0000000002fb0800 Exception <a 'java/security/PrivilegedActionException'> (0x00000000d625edb8) thrown at [C:\re\workspace\8-2-build-windows-amd64-cygwin\jdk8u102\7268\hotspot\src\share\vm\prims\jvm.cpp, line 1386]
Event: 3.622 Thread 0x0000000002fb0800 Exception <a 'java/security/PrivilegedActionException'> (0x00000000d6263f20) thrown at [C:\re\workspace\8-2-build-windows-amd64-cygwin\jdk8u102\7268\hotspot\src\share\vm\prims\jvm.cpp, line 1386]
Event: 3.622 Thread 0x0000000002fb0800 Exception <a 'java/security/PrivilegedActionException'> (0x00000000d6264b78) thrown at [C:\re\workspace\8-2-build-windows-amd64-cygwin\jdk8u102\7268\hotspot\src\share\vm\prims\jvm.cpp, line 1386]
Event: 3.622 Thread 0x0000000002fb0800 Exception <a 'java/security/PrivilegedActionException'> (0x00000000d62657a0) thrown at [C:\re\workspace\8-2-build-windows-amd64-cygwin\jdk8u102\7268\hotspot\src\share\vm\prims\jvm.cpp, line 1386]
Event: 3.622 Thread 0x0000000002fb0800 Exception <a 'java/security/PrivilegedActionException'> (0x00000000d6266b68) thrown at [C:\re\workspace\8-2-build-windows-amd64-cygwin\jdk8u102\7268\hotspot\src\share\vm\prims\jvm.cpp, line 1386]
Event: 3.622 Thread 0x0000000002fb0800 Exception <a 'java/security/PrivilegedActionException'> (0x00000000d62677c0) thrown at [C:\re\workspace\8-2-build-windows-amd64-cygwin\jdk8u102\7268\hotspot\src\share\vm\prims\jvm.cpp, line 1386]
Event: 3.623 Thread 0x0000000002fb0800 Exception <a 'java/security/PrivilegedActionException'> (0x00000000d62683e8) thrown at [C:\re\workspace\8-2-build-windows-amd64-cygwin\jdk8u102\7268\hotspot\src\share\vm\prims\jvm.cpp, line 1386]
Event: 10.595 Thread 0x0000000002fb0800 Implicit null exception at 0x0000000003351c41 to 0x00000000033527af

Events (10 events):
Event: 5.469 loading class java/util/HashMap$ValueIterator done
Event: 5.495 loading class java/util/HashMap$KeySet
Event: 5.503 loading class java/util/HashMap$KeySet done
Event: 5.503 loading class java/util/HashMap$KeyIterator
Event: 5.503 loading class java/util/HashMap$KeyIterator done
Event: 5.510 loading class org/newdawn/slick/AngelCodeFont$DisplayList
Event: 5.510 loading class org/newdawn/slick/AngelCodeFont$DisplayList done
Event: 10.595 Thread 0x0000000002fb0800 Uncommon trap: trap_request=0xfffffff4 fr.pc=0x00000000033527e8
Event: 10.595 Thread 0x0000000002fb0800 DEOPT PACKING pc=0x00000000033527e8 sp=0x0000000002faee80
Event: 10.595 Thread 0x0000000002fb0800 DEOPT UNPACKING pc=0x00000000030f582a sp=0x0000000002faee10 mode 2


Dynamic libraries:
0x00007ff7f1200000 - 0x00007ff7f1237000 	C:\Program Files\Java\jre1.8.0_102\bin\javaw.exe
0x00007ffb74580000 - 0x00007ffb74751000 	C:\WINDOWS\SYSTEM32\ntdll.dll
0x00007ffb74130000 - 0x00007ffb741db000 	C:\WINDOWS\System32\KERNEL32.DLL
0x00007ffb71520000 - 0x00007ffb7173d000 	C:\WINDOWS\System32\KERNELBASE.dll
0x00007ffb73080000 - 0x00007ffb73122000 	C:\WINDOWS\System32\ADVAPI32.dll
0x00007ffb743a0000 - 0x00007ffb7443e000 	C:\WINDOWS\System32\msvcrt.dll
0x00007ffb71b10000 - 0x00007ffb71b69000 	C:\WINDOWS\System32\sechost.dll
0x00007ffb73400000 - 0x00007ffb73521000 	C:\WINDOWS\System32\RPCRT4.dll
0x00007ffb73de0000 - 0x00007ffb73f45000 	C:\WINDOWS\System32\USER32.dll
0x00007ffb70c00000 - 0x00007ffb70c1e000 	C:\WINDOWS\System32\win32u.dll
0x00007ffb73c70000 - 0x00007ffb73ca4000 	C:\WINDOWS\System32\GDI32.dll
0x00007ffb70a70000 - 0x00007ffb70bf2000 	C:\WINDOWS\System32\gdi32full.dll
0x00007ffb5d510000 - 0x00007ffb5d789000 	C:\WINDOWS\WinSxS\amd64_microsoft.windows.common-controls_6595b64144ccf1df_6.0.14393.447_none_42191651c6827bb3\COMCTL32.dll
0x00007ffb73130000 - 0x00007ffb733f8000 	C:\WINDOWS\System32\combase.dll
0x00007ffb70c20000 - 0x00007ffb70d15000 	C:\WINDOWS\System32\ucrtbase.dll
0x00007ffb70d70000 - 0x00007ffb70dda000 	C:\WINDOWS\System32\bcryptPrimitives.dll
0x00007ffb74370000 - 0x00007ffb7439e000 	C:\WINDOWS\System32\IMM32.DLL
0x0000000072bc0000 - 0x0000000072c91000 	C:\Program Files\Java\jre1.8.0_102\bin\msvcr100.dll
0x000000006eb10000 - 0x000000006f3aa000 	C:\Program Files\Java\jre1.8.0_102\bin\server\jvm.dll
0x00007ffb73530000 - 0x00007ffb73538000 	C:\WINDOWS\System32\PSAPI.DLL
0x00007ffb5f370000 - 0x00007ffb5f379000 	C:\WINDOWS\SYSTEM32\WSOCK32.dll
0x00007ffb6eb50000 - 0x00007ffb6eb73000 	C:\WINDOWS\SYSTEM32\WINMM.dll
0x00007ffb73d10000 - 0x00007ffb73d7a000 	C:\WINDOWS\System32\WS2_32.dll
0x00007ffb66a00000 - 0x00007ffb66a0a000 	C:\WINDOWS\SYSTEM32\VERSION.dll
0x00007ffb6eaf0000 - 0x00007ffb6eb1b000 	C:\WINDOWS\SYSTEM32\WINMMBASE.dll
0x00007ffb70d20000 - 0x00007ffb70d62000 	C:\WINDOWS\System32\cfgmgr32.dll
0x0000000072d70000 - 0x0000000072d7f000 	C:\Program Files\Java\jre1.8.0_102\bin\verify.dll
0x0000000072d40000 - 0x0000000072d69000 	C:\Program Files\Java\jre1.8.0_102\bin\java.dll
0x0000000072d20000 - 0x0000000072d36000 	C:\Program Files\Java\jre1.8.0_102\bin\zip.dll
0x00007ffb71b70000 - 0x00007ffb73079000 	C:\WINDOWS\System32\SHELL32.dll
0x00007ffb70de0000 - 0x00007ffb714ba000 	C:\WINDOWS\System32\windows.storage.dll
0x00007ffb70a20000 - 0x00007ffb70a6c000 	C:\WINDOWS\System32\powrprof.dll
0x00007ffb73d80000 - 0x00007ffb73dd2000 	C:\WINDOWS\System32\shlwapi.dll
0x00007ffb70a00000 - 0x00007ffb70a0f000 	C:\WINDOWS\System32\kernel.appcore.dll
0x00007ffb71a60000 - 0x00007ffb71b09000 	C:\WINDOWS\System32\shcore.dll
0x00007ffb709e0000 - 0x00007ffb709f4000 	C:\WINDOWS\System32\profapi.dll
0x0000000180000000 - 0x0000000180051000 	C:\Users\Mirza\workspace\Game\lib\natives\windows\lwjgl64.dll
0x00007ffb59e80000 - 0x00007ffb59fa3000 	C:\WINDOWS\SYSTEM32\OPENGL32.dll
0x00007ffb61640000 - 0x00007ffb6166d000 	C:\WINDOWS\SYSTEM32\GLU32.dll
0x00007ffb59cc0000 - 0x00007ffb59db7000 	C:\WINDOWS\SYSTEM32\DDRAW.dll
0x00007ffb62fd0000 - 0x00007ffb62fd8000 	C:\WINDOWS\SYSTEM32\DCIMAN32.dll
0x00007ffb6f070000 - 0x00007ffb6f105000 	C:\WINDOWS\system32\uxtheme.dll
0x00007ffb741f0000 - 0x00007ffb7434b000 	C:\WINDOWS\System32\MSCTF.dll
0x00007ffb74440000 - 0x00007ffb744ff000 	C:\WINDOWS\System32\OLEAUT32.dll
0x00007ffb719c0000 - 0x00007ffb71a5c000 	C:\WINDOWS\System32\msvcp_win.dll
0x00007ffb4e780000 - 0x00007ffb4e888000 	C:\Program Files (x86)\Bandicam\bdcam64.dll
0x00007ffb6a520000 - 0x00007ffb6a54c000 	C:\PROGRA~2\RAPTRI~1\Raptr\ltc_help64-116716.dll
0x00007ffb714c0000 - 0x00007ffb71515000 	C:\WINDOWS\System32\WINTRUST.dll
0x00007ffb70a10000 - 0x00007ffb70a20000 	C:\WINDOWS\System32\MSASN1.dll
0x00007ffb71740000 - 0x00007ffb71909000 	C:\WINDOWS\System32\CRYPT32.dll
0x00007ffb6e580000 - 0x00007ffb6e5a6000 	C:\WINDOWS\system32\dwmapi.dll
0x00007ffb2e240000 - 0x00007ffb2ef57000 	C:\WINDOWS\SYSTEM32\ig8icd64.dll
0x00007ffb6ad70000 - 0x00007ffb6b7b0000 	C:\WINDOWS\SYSTEM32\igdusc64.dll
0x00007ffb6e540000 - 0x00007ffb6e553000 	C:\WINDOWS\SYSTEM32\WTSAPI32.dll
0x00007ffb509a0000 - 0x00007ffb50b2d000 	C:\WINDOWS\SYSTEM32\d3d9.dll
0x00007ffb51af0000 - 0x00007ffb51b81000 	C:\WINDOWS\SYSTEM32\mscms.dll
0x00007ffb70340000 - 0x00007ffb7035f000 	C:\WINDOWS\SYSTEM32\USERENV.dll
0x00007ffb4fbe0000 - 0x00007ffb4fc22000 	C:\WINDOWS\SYSTEM32\icm32.dll
0x0000000072a20000 - 0x0000000072bb8000 	C:\Program Files\Java\jre1.8.0_102\bin\awt.dll
0x00007ffb6ef90000 - 0x00007ffb6f00a000 	C:\WINDOWS\SYSTEM32\apphelp.dll
0x0000000064450000 - 0x00000000644b4000 	C:\Users\Mirza\workspace\Game\lib\natives\windows\OpenAL64.dll
0x00007ffb73f50000 - 0x00007ffb74087000 	C:\WINDOWS\System32\ole32.dll
0x00007ffb74090000 - 0x00007ffb7412f000 	C:\WINDOWS\System32\clbcatq.dll
0x00007ffb68e30000 - 0x00007ffb68ea1000 	C:\WINDOWS\System32\MMDevApi.dll
0x00007ffb6e5b0000 - 0x00007ffb6e735000 	C:\WINDOWS\System32\PROPSYS.dll
0x00007ffb6f6b0000 - 0x00007ffb6f6d8000 	C:\WINDOWS\System32\DEVOBJ.dll
0x00007ffb5a7e0000 - 0x00007ffb5a87b000 	C:\WINDOWS\SYSTEM32\dsound.dll
0x00007ffb59a50000 - 0x00007ffb59ae4000 	C:\WINDOWS\SYSTEM32\AUDIOSES.DLL
0x00007ffb6d480000 - 0x00007ffb6d5b6000 	C:\WINDOWS\SYSTEM32\wintypes.dll
0x00007ffb704b0000 - 0x00007ffb704c7000 	C:\WINDOWS\System32\CRYPTSP.dll
0x00007ffb703c0000 - 0x00007ffb703f3000 	C:\WINDOWS\system32\rsaenh.dll
0x00007ffb705c0000 - 0x00007ffb705eb000 	C:\WINDOWS\SYSTEM32\bcrypt.dll
0x00007ffb704d0000 - 0x00007ffb704db000 	C:\WINDOWS\SYSTEM32\CRYPTBASE.dll
0x00007ffb74350000 - 0x00007ffb7436c000 	C:\WINDOWS\System32\imagehlp.dll
0x00007ffb6f8e0000 - 0x00007ffb6f903000 	C:\WINDOWS\SYSTEM32\gpapi.dll
0x00007ffb5c0d0000 - 0x00007ffb5c0ff000 	C:\Windows\System32\cryptnet.dll
0x00007ffb6ff10000 - 0x00007ffb6ff48000 	C:\WINDOWS\SYSTEM32\IPHLPAPI.DLL
0x00007ffb69c50000 - 0x00007ffb69c5b000 	C:\WINDOWS\SYSTEM32\WINNSI.DLL
0x00007ffb74500000 - 0x00007ffb74508000 	C:\WINDOWS\System32\NSI.dll
0x00007ffb43cf0000 - 0x00007ffb43f29000 	C:\PROGRA~2\RAPTRI~1\Raptr\ltc_game64-116716.dll
0x00007ffb5cb10000 - 0x00007ffb5cca2000 	C:\WINDOWS\SYSTEM32\dbghelp.dll

VM Arguments:
jvm_args: -Djava.library.path=C:\Users\Mirza\workspace\Game\lib\natives\windows -Dfile.encoding=Cp1250 
java_command: javagame.Game
java_class_path (initial): C:\Users\Mirza\workspace\Game\bin;C:\Users\Mirza\workspace\Game\lib\jars\lwjgl.jar;C:\Users\Mirza\workspace\Game\lib\jars\slick.jar
Launcher Type: SUN_STANDARD

Environment Variables:
PATH=C:/Program Files/Java/jre1.8.0_102/bin/server;C:/Program Files/Java/jre1.8.0_102/bin;C:/Program Files/Java/jre1.8.0_102/lib/amd64;C:\ProgramData\Oracle\Java\javapath;C:\WINDOWS\system32;C:\WINDOWS;C:\WINDOWS\System32\Wbem;C:\WINDOWS\System32\WindowsPowerShell\v1.0\;C:\Program Files\Intel\WiFi\bin\;C:\Program Files\Common Files\Intel\WirelessCommon\;C:\WINDOWS\system32\config\systemprofile\.dnx\bin;C:\Program Files\Microsoft DNX\Dnvm\;C:\Program Files\Microsoft SQL Server\130\Tools\Binn\;C:\Program Files (x86)\Windows Live\Shared;C:\Program Files\Git\cmd;C:\Program Files\Java\jdk1.8.0_102\bin;%USERPROFILE%\AppData\Local\Microsoft\WindowsApps;;C:\Users\Mirza\Desktop;
USERNAME=Mirza
OS=Windows_NT
PROCESSOR_IDENTIFIER=Intel64 Family 6 Model 61 Stepping 4, GenuineIntel



---------------  S Y S T E M  ---------------

OS: Windows 10.0 , 64 bit Build 14393 (10.0.14393.0)

CPU:total 4 (2 cores per cpu, 2 threads per core) family 6 model 61 stepping 4, cmov, cx8, fxsr, mmx, sse, sse2, sse3, ssse3, sse4.1, sse4.2, popcnt, avx, avx2, aes, clmul, erms, 3dnowpref, lzcnt, ht, tsc, tscinvbit, bmi1, bmi2, adx

Memory: 4k page, physical 8305600k(1811256k free), swap 12718524k(1887112k free)

vm_info: Java HotSpot(TM) 64-Bit Server VM (25.102-b14) for windows-amd64 JRE (1.8.0_102-b14), built on Jun 22 2016 13:15:21 by "java_re" with MS VC++ 10.0 (VS2010)

time: Sat Dec 31 21:36:33 2016
elapsed time: 11 seconds (0d 0h 0m 11s)

